mode: set
github.com/shapestone/shape/pkg/ast/array.go:12.70,17.2 1 1
github.com/shapestone/shape/pkg/ast/array.go:20.37,22.2 1 1
github.com/shapestone/shape/pkg/ast/array.go:25.48,27.2 1 1
github.com/shapestone/shape/pkg/ast/array.go:30.41,32.2 1 1
github.com/shapestone/shape/pkg/ast/array.go:35.51,37.2 1 1
github.com/shapestone/shape/pkg/ast/array.go:40.37,42.2 1 1
github.com/shapestone/shape/pkg/ast/function.go:17.88,23.2 1 1
github.com/shapestone/shape/pkg/ast/function.go:26.40,28.2 1 1
github.com/shapestone/shape/pkg/ast/function.go:31.38,33.2 1 1
github.com/shapestone/shape/pkg/ast/function.go:36.50,38.2 1 1
github.com/shapestone/shape/pkg/ast/function.go:41.44,43.2 1 1
github.com/shapestone/shape/pkg/ast/function.go:46.54,48.2 1 1
github.com/shapestone/shape/pkg/ast/function.go:51.40,53.34 2 1
github.com/shapestone/shape/pkg/ast/function.go:53.34,54.26 1 1
github.com/shapestone/shape/pkg/ast/function.go:55.15,57.16 1 1
github.com/shapestone/shape/pkg/ast/function.go:57.16,59.5 1 1
github.com/shapestone/shape/pkg/ast/function.go:59.10,61.5 1 0
github.com/shapestone/shape/pkg/ast/function.go:62.12,63.20 1 0
github.com/shapestone/shape/pkg/ast/function.go:64.13,65.34 1 0
github.com/shapestone/shape/pkg/ast/function.go:66.14,67.34 1 1
github.com/shapestone/shape/pkg/ast/function.go:68.16,69.34 1 0
github.com/shapestone/shape/pkg/ast/function.go:70.11,71.34 1 0
github.com/shapestone/shape/pkg/ast/function.go:74.2,74.64 1 1
github.com/shapestone/shape/pkg/ast/literal.go:12.67,17.2 1 1
github.com/shapestone/shape/pkg/ast/literal.go:20.39,22.2 1 1
github.com/shapestone/shape/pkg/ast/literal.go:25.43,27.2 1 1
github.com/shapestone/shape/pkg/ast/literal.go:30.43,32.2 1 1
github.com/shapestone/shape/pkg/ast/literal.go:35.53,37.2 1 1
github.com/shapestone/shape/pkg/ast/literal.go:40.39,41.29 1 1
github.com/shapestone/shape/pkg/ast/literal.go:42.11,43.16 1 1
github.com/shapestone/shape/pkg/ast/literal.go:44.14,45.30 1 1
github.com/shapestone/shape/pkg/ast/literal.go:46.12,47.30 1 1
github.com/shapestone/shape/pkg/ast/literal.go:48.13,49.30 1 1
github.com/shapestone/shape/pkg/ast/literal.go:50.15,51.30 1 1
github.com/shapestone/shape/pkg/ast/literal.go:52.10,53.30 1 0
github.com/shapestone/shape/pkg/ast/object.go:16.80,21.2 1 1
github.com/shapestone/shape/pkg/ast/object.go:24.38,26.2 1 1
github.com/shapestone/shape/pkg/ast/object.go:29.57,31.2 1 1
github.com/shapestone/shape/pkg/ast/object.go:34.66,37.2 2 1
github.com/shapestone/shape/pkg/ast/object.go:40.42,42.2 1 1
github.com/shapestone/shape/pkg/ast/object.go:45.52,47.2 1 1
github.com/shapestone/shape/pkg/ast/object.go:50.38,51.28 1 1
github.com/shapestone/shape/pkg/ast/object.go:51.28,53.3 1 1
github.com/shapestone/shape/pkg/ast/object.go:56.2,57.30 2 0
github.com/shapestone/shape/pkg/ast/object.go:57.30,59.3 1 0
github.com/shapestone/shape/pkg/ast/object.go:60.2,63.25 3 0
github.com/shapestone/shape/pkg/ast/object.go:63.25,65.3 1 0
github.com/shapestone/shape/pkg/ast/object.go:67.2,67.55 1 0
github.com/shapestone/shape/pkg/ast/position.go:13.53,19.2 1 1
github.com/shapestone/shape/pkg/ast/position.go:22.34,24.2 1 1
github.com/shapestone/shape/pkg/ast/position.go:27.35,28.18 1 1
github.com/shapestone/shape/pkg/ast/position.go:28.18,30.3 1 1
github.com/shapestone/shape/pkg/ast/position.go:31.2,31.60 1 1
github.com/shapestone/shape/pkg/ast/position.go:35.30,37.2 1 1
github.com/shapestone/shape/pkg/ast/printer.go:10.42,12.2 1 1
github.com/shapestone/shape/pkg/ast/printer.go:14.54,17.26 2 1
github.com/shapestone/shape/pkg/ast/printer.go:18.20,19.58 1 1
github.com/shapestone/shape/pkg/ast/printer.go:21.17,22.55 1 1
github.com/shapestone/shape/pkg/ast/printer.go:24.21,26.35 2 1
github.com/shapestone/shape/pkg/ast/printer.go:26.35,27.27 1 1
github.com/shapestone/shape/pkg/ast/printer.go:28.16,29.17 1 0
github.com/shapestone/shape/pkg/ast/printer.go:29.17,31.6 1 0
github.com/shapestone/shape/pkg/ast/printer.go:31.11,33.6 1 0
github.com/shapestone/shape/pkg/ast/printer.go:34.13,35.21 1 0
github.com/shapestone/shape/pkg/ast/printer.go:36.12,37.35 1 1
github.com/shapestone/shape/pkg/ast/printer.go:40.3,40.85 1 1
github.com/shapestone/shape/pkg/ast/printer.go:42.19,43.29 1 1
github.com/shapestone/shape/pkg/ast/printer.go:43.29,45.4 1 0
github.com/shapestone/shape/pkg/ast/printer.go:48.3,49.31 2 1
github.com/shapestone/shape/pkg/ast/printer.go:49.31,51.4 1 1
github.com/shapestone/shape/pkg/ast/printer.go:52.3,55.26 3 1
github.com/shapestone/shape/pkg/ast/printer.go:55.26,59.4 3 1
github.com/shapestone/shape/pkg/ast/printer.go:60.3,60.35 1 1
github.com/shapestone/shape/pkg/ast/printer.go:62.18,66.35 4 1
github.com/shapestone/shape/pkg/ast/printer.go:68.10,69.52 1 0
github.com/shapestone/shape/pkg/ast/printer.go:74.40,76.2 1 1
github.com/shapestone/shape/pkg/ast/printer.go:78.68,80.13 2 1
github.com/shapestone/shape/pkg/ast/printer.go:80.13,82.3 1 0
github.com/shapestone/shape/pkg/ast/printer.go:84.2,88.26 4 1
github.com/shapestone/shape/pkg/ast/printer.go:89.20,90.63 1 0
github.com/shapestone/shape/pkg/ast/printer.go:92.17,93.60 1 1
github.com/shapestone/shape/pkg/ast/printer.go:95.21,96.64 1 0
github.com/shapestone/shape/pkg/ast/printer.go:98.19,103.31 3 1
github.com/shapestone/shape/pkg/ast/printer.go:103.31,105.4 1 1
github.com/shapestone/shape/pkg/ast/printer.go:106.3,109.13 3 1
github.com/shapestone/shape/pkg/ast/printer.go:109.13,111.4 1 1
github.com/shapestone/shape/pkg/ast/printer.go:111.9,113.4 1 0
github.com/shapestone/shape/pkg/ast/printer.go:115.3,115.26 1 1
github.com/shapestone/shape/pkg/ast/printer.go:115.26,117.24 2 1
github.com/shapestone/shape/pkg/ast/printer.go:117.24,119.5 1 1
github.com/shapestone/shape/pkg/ast/printer.go:119.10,121.5 1 0
github.com/shapestone/shape/pkg/ast/printer.go:122.4,125.24 3 1
github.com/shapestone/shape/pkg/ast/printer.go:125.24,127.5 1 1
github.com/shapestone/shape/pkg/ast/printer.go:127.10,129.5 1 0
github.com/shapestone/shape/pkg/ast/printer.go:131.4,131.74 1 1
github.com/shapestone/shape/pkg/ast/printer.go:134.18,138.13 3 0
github.com/shapestone/shape/pkg/ast/printer.go:138.13,140.4 1 0
github.com/shapestone/shape/pkg/ast/printer.go:140.9,142.4 1 0
github.com/shapestone/shape/pkg/ast/printer.go:144.3,144.68 1 0
github.com/shapestone/shape/pkg/ast/printer.go:146.10,147.34 1 0
github.com/shapestone/shape/pkg/ast/printer.go:150.2,150.24 1 1
github.com/shapestone/shape/pkg/ast/serialization.go:21.53,27.2 1 1
github.com/shapestone/shape/pkg/ast/serialization.go:30.50,36.2 1 1
github.com/shapestone/shape/pkg/ast/serialization.go:39.54,46.2 1 1
github.com/shapestone/shape/pkg/ast/serialization.go:49.52,51.33 2 1
github.com/shapestone/shape/pkg/ast/serialization.go:51.33,53.3 1 1
github.com/shapestone/shape/pkg/ast/serialization.go:55.2,59.4 1 1
github.com/shapestone/shape/pkg/ast/serialization.go:63.51,69.2 1 1
github.com/shapestone/shape/pkg/ast/serialization.go:72.59,74.50 2 1
github.com/shapestone/shape/pkg/ast/serialization.go:74.50,76.3 1 0
github.com/shapestone/shape/pkg/ast/serialization.go:78.2,79.24 2 1
github.com/shapestone/shape/pkg/ast/serialization.go:79.24,81.3 1 1
github.com/shapestone/shape/pkg/ast/serialization.go:83.2,83.17 1 1
github.com/shapestone/shape/pkg/ast/serialization.go:84.17,85.44 1 1
github.com/shapestone/shape/pkg/ast/serialization.go:87.14,88.44 1 1
github.com/shapestone/shape/pkg/ast/serialization.go:90.18,91.58 1 1
github.com/shapestone/shape/pkg/ast/serialization.go:93.16,95.35 2 1
github.com/shapestone/shape/pkg/ast/serialization.go:95.35,97.18 2 1
github.com/shapestone/shape/pkg/ast/serialization.go:97.18,99.5 1 0
github.com/shapestone/shape/pkg/ast/serialization.go:101.4,102.18 2 1
github.com/shapestone/shape/pkg/ast/serialization.go:102.18,104.5 1 0
github.com/shapestone/shape/pkg/ast/serialization.go:106.4,106.19 1 1
github.com/shapestone/shape/pkg/ast/serialization.go:108.3,108.40 1 1
github.com/shapestone/shape/pkg/ast/serialization.go:110.15,112.17 2 1
github.com/shapestone/shape/pkg/ast/serialization.go:112.17,114.4 1 0
github.com/shapestone/shape/pkg/ast/serialization.go:116.3,117.17 2 1
github.com/shapestone/shape/pkg/ast/serialization.go:117.17,119.4 1 0
github.com/shapestone/shape/pkg/ast/serialization.go:121.3,121.42 1 1
github.com/shapestone/shape/pkg/ast/serialization.go:123.10,124.59 1 0
github.com/shapestone/shape/pkg/ast/type.go:10.59,15.2 1 1
github.com/shapestone/shape/pkg/ast/type.go:18.36,20.2 1 1
github.com/shapestone/shape/pkg/ast/type.go:23.38,25.2 1 1
github.com/shapestone/shape/pkg/ast/type.go:28.40,30.2 1 1
github.com/shapestone/shape/pkg/ast/type.go:33.50,35.2 1 1
github.com/shapestone/shape/pkg/ast/type.go:38.36,40.2 1 1
github.com/shapestone/shape/pkg/ast/types.go:24.36,25.12 1 1
github.com/shapestone/shape/pkg/ast/types.go:26.23,27.19 1 1
github.com/shapestone/shape/pkg/ast/types.go:28.20,29.16 1 1
github.com/shapestone/shape/pkg/ast/types.go:30.24,31.20 1 1
github.com/shapestone/shape/pkg/ast/types.go:32.22,33.18 1 1
github.com/shapestone/shape/pkg/ast/types.go:34.21,35.17 1 1
github.com/shapestone/shape/pkg/ast/types.go:36.10,37.19 1 1
github.com/shapestone/shape/pkg/ast/visitor.go:17.61,19.2 1 0
github.com/shapestone/shape/pkg/ast/visitor.go:22.55,24.2 1 0
github.com/shapestone/shape/pkg/ast/visitor.go:27.63,29.2 1 0
github.com/shapestone/shape/pkg/ast/visitor.go:32.59,34.2 1 0
github.com/shapestone/shape/pkg/ast/visitor.go:37.57,39.2 1 0
github.com/shapestone/shape/pkg/ast/visitor.go:42.51,44.2 1 1
github.com/shapestone/shape/internal/parser/errors.go:17.37,18.50 1 1
github.com/shapestone/shape/internal/parser/errors.go:18.50,21.3 1 1
github.com/shapestone/shape/internal/parser/errors.go:22.2,22.50 1 1
github.com/shapestone/shape/internal/parser/errors.go:26.67,31.2 1 1
github.com/shapestone/shape/internal/parser/errors.go:34.82,40.2 2 1
github.com/shapestone/shape/internal/parser/errors.go:43.75,49.2 2 1
github.com/shapestone/shape/internal/parser/format.go:30.33,31.11 1 1
github.com/shapestone/shape/internal/parser/format.go:32.19,33.17 1 1
github.com/shapestone/shape/internal/parser/format.go:34.18,35.16 1 1
github.com/shapestone/shape/internal/parser/format.go:36.20,37.18 1 1
github.com/shapestone/shape/internal/parser/format.go:38.18,39.16 1 1
github.com/shapestone/shape/internal/parser/format.go:40.19,41.17 1 1
github.com/shapestone/shape/internal/parser/format.go:42.19,43.17 1 1
github.com/shapestone/shape/internal/parser/format.go:44.10,45.19 1 1
github.com/shapestone/shape/internal/parser/format.go:51.49,55.23 2 1
github.com/shapestone/shape/internal/parser/format.go:55.23,57.3 1 1
github.com/shapestone/shape/internal/parser/format.go:60.2,62.19 2 1
github.com/shapestone/shape/internal/parser/format.go:63.16,65.26 1 1
github.com/shapestone/shape/internal/parser/format.go:66.11,68.25 1 1
github.com/shapestone/shape/internal/parser/format.go:69.10,71.72 1 1
github.com/shapestone/shape/internal/parser/format.go:71.72,73.4 1 1
github.com/shapestone/shape/internal/parser/format.go:76.3,76.37 1 1
github.com/shapestone/shape/internal/parser/format.go:76.37,78.4 1 1
github.com/shapestone/shape/internal/parser/format.go:81.3,81.73 1 1
github.com/shapestone/shape/internal/tokenizer/matchers.go:13.46,15.6 2 1
github.com/shapestone/shape/internal/tokenizer/matchers.go:15.6,16.37 1 1
github.com/shapestone/shape/internal/tokenizer/matchers.go:16.37,17.26 1 1
github.com/shapestone/shape/internal/tokenizer/matchers.go:17.26,19.13 2 1
github.com/shapestone/shape/internal/tokenizer/matchers.go:22.3,22.8 1 1
github.com/shapestone/shape/internal/tokenizer/matchers.go:24.2,24.21 1 1
github.com/shapestone/shape/internal/tokenizer/matchers.go:24.21,26.3 1 1
github.com/shapestone/shape/internal/tokenizer/matchers.go:27.2,27.38 1 1
github.com/shapestone/shape/internal/tokenizer/matchers.go:32.59,33.36 1 0
github.com/shapestone/shape/internal/tokenizer/matchers.go:33.36,34.50 1 0
github.com/shapestone/shape/internal/tokenizer/matchers.go:34.50,36.4 1 0
github.com/shapestone/shape/internal/tokenizer/matchers.go:37.3,37.13 1 0
github.com/shapestone/shape/internal/tokenizer/matchers.go:43.66,45.36 2 1
github.com/shapestone/shape/internal/tokenizer/matchers.go:45.36,48.31 2 1
github.com/shapestone/shape/internal/tokenizer/matchers.go:48.31,49.49 1 1
github.com/shapestone/shape/internal/tokenizer/matchers.go:49.49,51.13 2 1
github.com/shapestone/shape/internal/tokenizer/matchers.go:53.4,53.9 1 0
github.com/shapestone/shape/internal/tokenizer/matchers.go:56.3,56.34 1 1
github.com/shapestone/shape/internal/tokenizer/matchers.go:56.34,58.4 1 0
github.com/shapestone/shape/internal/tokenizer/matchers.go:59.3,59.36 1 1
github.com/shapestone/shape/internal/tokenizer/numbers.go:11.62,13.12 1 1
github.com/shapestone/shape/internal/tokenizer/numbers.go:13.12,15.3 1 0
github.com/shapestone/shape/internal/tokenizer/numbers.go:17.2,18.64 2 1
github.com/shapestone/shape/internal/tokenizer/numbers.go:18.64,20.3 1 0
github.com/shapestone/shape/internal/tokenizer/numbers.go:22.2,22.49 1 1
github.com/shapestone/shape/internal/tokenizer/numbers.go:26.47,28.2 1 1
github.com/shapestone/shape/internal/tokenizer/numbers.go:31.27,32.11 1 1
github.com/shapestone/shape/internal/tokenizer/numbers.go:32.11,34.3 1 1
github.com/shapestone/shape/internal/tokenizer/numbers.go:35.2,35.10 1 1
github.com/shapestone/shape/internal/tokenizer/numbers.go:39.27,40.11 1 1
github.com/shapestone/shape/internal/tokenizer/numbers.go:40.11,42.3 1 1
github.com/shapestone/shape/internal/tokenizer/numbers.go:43.2,43.10 1 1
github.com/shapestone/shape/internal/tokenizer/numbers.go:47.31,48.12 1 1
github.com/shapestone/shape/internal/tokenizer/numbers.go:48.12,50.3 1 1
github.com/shapestone/shape/internal/tokenizer/numbers.go:52.2,52.12 1 1
github.com/shapestone/shape/internal/tokenizer/numbers.go:52.12,54.3 1 1
github.com/shapestone/shape/internal/tokenizer/numbers.go:56.2,57.33 2 1
github.com/shapestone/shape/internal/tokenizer/numbers.go:57.33,59.3 1 1
github.com/shapestone/shape/internal/tokenizer/numbers.go:60.2,60.15 1 1
github.com/shapestone/shape/internal/tokenizer/position.go:17.53,23.2 1 0
github.com/shapestone/shape/internal/tokenizer/position.go:26.34,28.2 1 0
github.com/shapestone/shape/internal/tokenizer/position.go:31.35,32.18 1 0
github.com/shapestone/shape/internal/tokenizer/position.go:32.18,34.3 1 0
github.com/shapestone/shape/internal/tokenizer/position.go:35.2,35.60 1 0
github.com/shapestone/shape/internal/tokenizer/stream.go:28.35,40.2 2 1
github.com/shapestone/shape/internal/tokenizer/stream.go:58.37,65.2 1 1
github.com/shapestone/shape/internal/tokenizer/stream.go:69.42,71.30 2 1
github.com/shapestone/shape/internal/tokenizer/stream.go:71.30,72.49 1 0
github.com/shapestone/shape/internal/tokenizer/stream.go:74.2,74.33 1 1
github.com/shapestone/shape/internal/tokenizer/stream.go:78.46,79.15 1 1
github.com/shapestone/shape/internal/tokenizer/stream.go:79.15,81.3 1 1
github.com/shapestone/shape/internal/tokenizer/stream.go:82.2,83.16 2 1
github.com/shapestone/shape/internal/tokenizer/stream.go:88.46,89.15 1 1
github.com/shapestone/shape/internal/tokenizer/stream.go:89.15,91.3 1 1
github.com/shapestone/shape/internal/tokenizer/stream.go:92.2,95.15 4 1
github.com/shapestone/shape/internal/tokenizer/stream.go:95.15,98.3 2 1
github.com/shapestone/shape/internal/tokenizer/stream.go:99.2,99.16 1 1
github.com/shapestone/shape/internal/tokenizer/stream.go:104.52,106.27 2 1
github.com/shapestone/shape/internal/tokenizer/stream.go:106.27,108.22 2 1
github.com/shapestone/shape/internal/tokenizer/stream.go:108.22,111.4 2 1
github.com/shapestone/shape/internal/tokenizer/stream.go:113.2,113.13 1 1
github.com/shapestone/shape/internal/tokenizer/stream.go:117.35,119.2 1 1
github.com/shapestone/shape/internal/tokenizer/stream.go:122.38,124.2 1 1
github.com/shapestone/shape/internal/tokenizer/stream.go:127.35,129.2 1 1
github.com/shapestone/shape/internal/tokenizer/stream.go:132.38,134.2 1 1
github.com/shapestone/shape/internal/tokenizer/stream.go:137.30,141.2 3 0
github.com/shapestone/shape/internal/tokenizer/stream.go:158.37,159.44 1 1
github.com/shapestone/shape/internal/tokenizer/stream.go:159.44,160.50 1 1
github.com/shapestone/shape/internal/tokenizer/stream.go:160.50,162.4 1 1
github.com/shapestone/shape/internal/tokenizer/stream.go:163.3,163.20 1 1
github.com/shapestone/shape/internal/tokenizer/stream.go:168.44,170.44 2 1
github.com/shapestone/shape/internal/tokenizer/stream.go:170.44,173.31 2 1
github.com/shapestone/shape/internal/tokenizer/stream.go:173.31,174.49 1 1
github.com/shapestone/shape/internal/tokenizer/stream.go:174.49,176.13 2 1
github.com/shapestone/shape/internal/tokenizer/stream.go:178.4,178.9 1 1
github.com/shapestone/shape/internal/tokenizer/stream.go:181.3,181.34 1 1
github.com/shapestone/shape/internal/tokenizer/stream.go:181.34,183.4 1 1
github.com/shapestone/shape/internal/tokenizer/stream.go:184.3,184.21 1 1
github.com/shapestone/shape/internal/tokenizer/stream.go:189.44,190.44 1 1
github.com/shapestone/shape/internal/tokenizer/stream.go:190.44,192.36 2 1
github.com/shapestone/shape/internal/tokenizer/stream.go:192.36,194.11 2 1
github.com/shapestone/shape/internal/tokenizer/stream.go:194.11,196.5 1 1
github.com/shapestone/shape/internal/tokenizer/stream.go:197.4,197.32 1 1
github.com/shapestone/shape/internal/tokenizer/stream.go:199.3,199.21 1 1
github.com/shapestone/shape/internal/tokenizer/stream.go:205.41,206.44 1 1
github.com/shapestone/shape/internal/tokenizer/stream.go:206.44,207.36 1 1
github.com/shapestone/shape/internal/tokenizer/stream.go:207.36,210.10 3 1
github.com/shapestone/shape/internal/tokenizer/stream.go:210.10,213.5 2 1
github.com/shapestone/shape/internal/tokenizer/stream.go:215.3,215.20 1 1
github.com/shapestone/shape/internal/tokenizer/stream.go:221.40,222.44 1 1
github.com/shapestone/shape/internal/tokenizer/stream.go:222.44,225.9 3 1
github.com/shapestone/shape/internal/tokenizer/stream.go:225.9,228.4 2 1
github.com/shapestone/shape/internal/tokenizer/stream.go:229.3,229.19 1 1
github.com/shapestone/shape/internal/tokenizer/text.go:37.35,39.15 2 1
github.com/shapestone/shape/internal/tokenizer/text.go:39.15,41.3 1 0
github.com/shapestone/shape/internal/tokenizer/text.go:43.2,44.25 2 1
github.com/shapestone/shape/internal/tokenizer/text.go:44.25,45.14 1 1
github.com/shapestone/shape/internal/tokenizer/text.go:45.14,47.4 1 1
github.com/shapestone/shape/internal/tokenizer/text.go:48.3,48.16 1 1
github.com/shapestone/shape/internal/tokenizer/text.go:51.2,51.14 1 1
github.com/shapestone/shape/internal/tokenizer/text.go:63.35,65.15 2 0
github.com/shapestone/shape/internal/tokenizer/text.go:65.15,67.3 1 0
github.com/shapestone/shape/internal/tokenizer/text.go:69.2,70.25 2 0
github.com/shapestone/shape/internal/tokenizer/text.go:70.25,71.14 1 0
github.com/shapestone/shape/internal/tokenizer/text.go:71.14,73.4 1 0
github.com/shapestone/shape/internal/tokenizer/text.go:74.3,74.16 1 0
github.com/shapestone/shape/internal/tokenizer/text.go:77.2,77.14 1 0
github.com/shapestone/shape/internal/tokenizer/text.go:82.58,85.32 3 1
github.com/shapestone/shape/internal/tokenizer/text.go:85.32,86.29 1 1
github.com/shapestone/shape/internal/tokenizer/text.go:86.29,88.4 1 1
github.com/shapestone/shape/internal/tokenizer/text.go:91.2,93.30 3 1
github.com/shapestone/shape/internal/tokenizer/text.go:93.30,94.27 1 1
github.com/shapestone/shape/internal/tokenizer/text.go:94.27,96.4 1 1
github.com/shapestone/shape/internal/tokenizer/text.go:98.2,105.30 7 1
github.com/shapestone/shape/internal/tokenizer/text.go:105.30,106.37 1 1
github.com/shapestone/shape/internal/tokenizer/text.go:106.37,108.4 1 1
github.com/shapestone/shape/internal/tokenizer/text.go:108.9,108.44 1 0
github.com/shapestone/shape/internal/tokenizer/text.go:108.44,114.4 5 0
github.com/shapestone/shape/internal/tokenizer/text.go:116.2,116.39 1 1
github.com/shapestone/shape/internal/tokenizer/text.go:116.39,119.47 3 0
github.com/shapestone/shape/internal/tokenizer/text.go:119.47,121.4 1 0
github.com/shapestone/shape/internal/tokenizer/text.go:122.3,123.17 2 0
github.com/shapestone/shape/internal/tokenizer/text.go:124.8,124.46 1 1
github.com/shapestone/shape/internal/tokenizer/text.go:124.46,127.45 3 0
github.com/shapestone/shape/internal/tokenizer/text.go:127.45,129.4 1 0
github.com/shapestone/shape/internal/tokenizer/text.go:130.3,131.17 2 0
github.com/shapestone/shape/internal/tokenizer/text.go:133.2,133.28 1 1
github.com/shapestone/shape/internal/tokenizer/text.go:137.41,140.2 2 1
github.com/shapestone/shape/internal/tokenizer/text.go:143.46,148.20 5 0
github.com/shapestone/shape/internal/tokenizer/text.go:148.20,149.21 1 0
github.com/shapestone/shape/internal/tokenizer/text.go:149.21,150.9 1 0
github.com/shapestone/shape/internal/tokenizer/text.go:153.2,155.31 3 0
github.com/shapestone/shape/internal/tokenizer/text.go:158.49,159.30 1 0
github.com/shapestone/shape/internal/tokenizer/text.go:159.30,160.26 1 0
github.com/shapestone/shape/internal/tokenizer/text.go:160.26,161.9 1 0
github.com/shapestone/shape/internal/tokenizer/text.go:163.3,163.31 1 0
github.com/shapestone/shape/internal/tokenizer/text.go:165.2,165.31 1 0
github.com/shapestone/shape/internal/tokenizer/text.go:165.31,166.26 1 0
github.com/shapestone/shape/internal/tokenizer/text.go:166.26,167.9 1 0
github.com/shapestone/shape/internal/tokenizer/text.go:169.3,169.31 1 0
github.com/shapestone/shape/internal/tokenizer/text.go:171.2,171.11 1 0
github.com/shapestone/shape/internal/tokenizer/text.go:174.31,175.11 1 0
github.com/shapestone/shape/internal/tokenizer/text.go:176.11,177.14 1 0
github.com/shapestone/shape/internal/tokenizer/text.go:178.12,179.14 1 0
github.com/shapestone/shape/internal/tokenizer/text.go:180.10,181.15 1 0
github.com/shapestone/shape/internal/tokenizer/text.go:185.33,186.11 1 0
github.com/shapestone/shape/internal/tokenizer/text.go:187.11,188.15 1 0
github.com/shapestone/shape/internal/tokenizer/text.go:189.12,190.15 1 0
github.com/shapestone/shape/internal/tokenizer/text.go:191.10,192.11 1 0
github.com/shapestone/shape/internal/tokenizer/text.go:197.37,202.13 5 0
github.com/shapestone/shape/internal/tokenizer/text.go:202.13,203.21 1 0
github.com/shapestone/shape/internal/tokenizer/text.go:203.21,204.9 1 0
github.com/shapestone/shape/internal/tokenizer/text.go:206.3,206.6 1 0
github.com/shapestone/shape/internal/tokenizer/text.go:208.2,208.39 1 0
github.com/shapestone/shape/internal/tokenizer/text.go:211.44,214.27 2 1
github.com/shapestone/shape/internal/tokenizer/text.go:214.27,216.3 1 1
github.com/shapestone/shape/internal/tokenizer/text.go:218.2,218.12 1 1
github.com/shapestone/shape/internal/tokenizer/text.go:221.34,224.2 2 1
github.com/shapestone/shape/internal/tokenizer/text.go:227.33,234.2 6 0
github.com/shapestone/shape/internal/tokenizer/text.go:240.47,244.22 4 1
github.com/shapestone/shape/internal/tokenizer/text.go:244.22,246.3 1 0
github.com/shapestone/shape/internal/tokenizer/text.go:246.8,246.29 1 1
github.com/shapestone/shape/internal/tokenizer/text.go:246.29,248.3 1 1
github.com/shapestone/shape/internal/tokenizer/text.go:248.8,248.24 1 1
github.com/shapestone/shape/internal/tokenizer/text.go:248.24,250.3 1 0
github.com/shapestone/shape/internal/tokenizer/text.go:251.2,256.23 6 1
github.com/shapestone/shape/internal/tokenizer/text.go:256.23,258.3 1 1
github.com/shapestone/shape/internal/tokenizer/text.go:259.2,259.18 1 0
github.com/shapestone/shape/internal/tokenizer/text.go:267.35,268.22 1 1
github.com/shapestone/shape/internal/tokenizer/text.go:268.22,270.3 1 0
github.com/shapestone/shape/internal/tokenizer/text.go:271.2,271.19 1 1
github.com/shapestone/shape/internal/tokenizer/text.go:271.19,272.19 1 1
github.com/shapestone/shape/internal/tokenizer/text.go:272.19,274.4 1 1
github.com/shapestone/shape/internal/tokenizer/text.go:276.2,276.13 1 1
github.com/shapestone/shape/internal/tokenizer/text.go:280.37,282.2 1 1
github.com/shapestone/shape/internal/tokenizer/text.go:288.27,289.11 1 1
github.com/shapestone/shape/internal/tokenizer/text.go:289.11,291.3 1 1
github.com/shapestone/shape/internal/tokenizer/text.go:292.2,292.10 1 1
github.com/shapestone/shape/internal/tokenizer/text.go:295.27,296.11 1 1
github.com/shapestone/shape/internal/tokenizer/text.go:296.11,298.3 1 0
github.com/shapestone/shape/internal/tokenizer/text.go:299.2,299.10 1 1
github.com/shapestone/shape/internal/tokenizer/tokens.go:23.49,25.2 1 1
github.com/shapestone/shape/internal/tokenizer/tokens.go:28.31,30.2 1 1
github.com/shapestone/shape/internal/tokenizer/tokens.go:33.32,35.2 1 1
github.com/shapestone/shape/internal/tokenizer/tokens.go:38.38,40.2 1 1
github.com/shapestone/shape/internal/tokenizer/tokens.go:43.30,45.2 1 1
github.com/shapestone/shape/internal/tokenizer/tokens.go:48.27,50.2 1 1
github.com/shapestone/shape/internal/tokenizer/tokens.go:53.30,55.2 1 1
github.com/shapestone/shape/internal/tokenizer/tokens.go:58.33,60.2 1 1
github.com/shapestone/shape/internal/tokenizer/tokens.go:80.50,88.2 4 1
github.com/shapestone/shape/internal/tokenizer/tokens.go:91.46,93.2 1 1
github.com/shapestone/shape/internal/tokenizer/tokens.go:96.28,98.2 1 1
github.com/shapestone/shape/internal/tokenizer/tokens.go:102.35,103.23 1 1
github.com/shapestone/shape/internal/tokenizer/tokens.go:103.23,105.3 1 1
github.com/shapestone/shape/internal/tokenizer/tokens.go:106.2,110.13 5 1
github.com/shapestone/shape/internal/tokenizer/tokens.go:117.48,119.6 2 1
github.com/shapestone/shape/internal/tokenizer/tokens.go:119.6,121.10 2 1
github.com/shapestone/shape/internal/tokenizer/tokens.go:121.10,122.9 1 1
github.com/shapestone/shape/internal/tokenizer/tokens.go:124.3,124.34 1 1
github.com/shapestone/shape/internal/tokenizer/tokens.go:126.2,126.33 1 1
github.com/shapestone/shape/internal/tokenizer/tokens.go:130.63,133.31 3 1
github.com/shapestone/shape/internal/tokenizer/tokens.go:133.31,135.25 2 1
github.com/shapestone/shape/internal/tokenizer/tokens.go:135.25,137.4 1 1
github.com/shapestone/shape/internal/tokenizer/tokens.go:139.2,139.9 1 1
github.com/shapestone/shape/internal/tokenizer/tokens.go:139.9,141.3 1 1
github.com/shapestone/shape/internal/tokenizer/tokens.go:141.8,143.3 1 1
github.com/shapestone/shape/internal/tokenizer/tokens.go:144.2,144.20 1 1
github.com/shapestone/shape/internal/tokenizer/tokens.go:150.48,151.24 1 1
github.com/shapestone/shape/internal/tokenizer/tokens.go:151.24,153.3 1 1
github.com/shapestone/shape/internal/tokenizer/tokens.go:155.2,159.37 4 1
github.com/shapestone/shape/internal/tokenizer/tokens.go:159.37,162.55 3 1
github.com/shapestone/shape/internal/tokenizer/tokens.go:162.55,167.4 4 1
github.com/shapestone/shape/internal/tokenizer/tokens.go:170.2,170.19 1 1
github.com/shapestone/shape/internal/tokenizer/tokens.go:176.48,177.24 1 1
github.com/shapestone/shape/internal/tokenizer/tokens.go:177.24,179.3 1 1
github.com/shapestone/shape/internal/tokenizer/tokens.go:181.2,181.37 1 1
github.com/shapestone/shape/internal/tokenizer/tokens.go:181.37,184.55 3 1
github.com/shapestone/shape/internal/tokenizer/tokens.go:184.55,186.4 1 0
github.com/shapestone/shape/internal/tokenizer/tokens.go:189.2,189.19 1 1
github.com/shapestone/shape/internal/tokenizer/tokens.go:193.34,195.2 1 1
github.com/shapestone/shape/internal/tokenizer/tokens.go:198.37,200.2 1 1
github.com/shapestone/shape/internal/tokenizer/tokens.go:203.42,205.2 1 1
github.com/shapestone/shape/internal/tokenizer/tokens.go:208.29,211.2 2 0
github.com/shapestone/shape/internal/parser/jsonv/parser.go:21.26,23.2 1 1
github.com/shapestone/shape/internal/parser/jsonv/parser.go:26.41,28.2 1 0
github.com/shapestone/shape/internal/parser/jsonv/parser.go:31.62,38.36 4 1
github.com/shapestone/shape/internal/parser/jsonv/parser.go:38.36,40.3 1 0
github.com/shapestone/shape/internal/parser/jsonv/parser.go:43.2,44.16 2 1
github.com/shapestone/shape/internal/parser/jsonv/parser.go:44.16,46.3 1 1
github.com/shapestone/shape/internal/parser/jsonv/parser.go:49.2,49.16 1 1
github.com/shapestone/shape/internal/parser/jsonv/parser.go:49.16,55.3 1 0
github.com/shapestone/shape/internal/parser/jsonv/parser.go:57.2,57.18 1 1
github.com/shapestone/shape/internal/parser/jsonv/parser.go:61.34,62.6 1 1
github.com/shapestone/shape/internal/parser/jsonv/parser.go:62.6,64.10 2 1
github.com/shapestone/shape/internal/parser/jsonv/parser.go:64.10,68.4 3 1
github.com/shapestone/shape/internal/parser/jsonv/parser.go:71.3,71.38 1 1
github.com/shapestone/shape/internal/parser/jsonv/parser.go:71.38,72.12 1 1
github.com/shapestone/shape/internal/parser/jsonv/parser.go:75.3,77.13 3 1
github.com/shapestone/shape/internal/parser/jsonv/parser.go:82.69,83.17 1 1
github.com/shapestone/shape/internal/parser/jsonv/parser.go:83.17,88.3 1 1
github.com/shapestone/shape/internal/parser/jsonv/parser.go:90.2,90.35 1 1
github.com/shapestone/shape/internal/parser/jsonv/parser.go:90.35,96.3 1 1
github.com/shapestone/shape/internal/parser/jsonv/parser.go:98.2,100.19 3 1
github.com/shapestone/shape/internal/parser/jsonv/parser.go:104.42,105.16 1 0
github.com/shapestone/shape/internal/parser/jsonv/parser.go:105.16,107.3 1 0
github.com/shapestone/shape/internal/parser/jsonv/parser.go:108.2,108.12 1 0
github.com/shapestone/shape/internal/parser/jsonv/parser.go:112.42,113.16 1 1
github.com/shapestone/shape/internal/parser/jsonv/parser.go:113.16,119.3 1 1
github.com/shapestone/shape/internal/parser/jsonv/parser.go:120.2,123.3 1 1
github.com/shapestone/shape/internal/parser/jsonv/parser.go:127.55,128.17 1 1
github.com/shapestone/shape/internal/parser/jsonv/parser.go:128.17,130.3 1 1
github.com/shapestone/shape/internal/parser/jsonv/parser.go:132.2,132.26 1 1
github.com/shapestone/shape/internal/parser/jsonv/parser.go:133.24,134.25 1 1
github.com/shapestone/shape/internal/parser/jsonv/parser.go:135.23,136.24 1 1
github.com/shapestone/shape/internal/parser/jsonv/parser.go:137.19,138.32 1 1
github.com/shapestone/shape/internal/parser/jsonv/parser.go:139.19,140.32 1 1
github.com/shapestone/shape/internal/parser/jsonv/parser.go:141.29,142.30 1 1
github.com/shapestone/shape/internal/parser/jsonv/parser.go:143.17,144.30 1 1
github.com/shapestone/shape/internal/parser/jsonv/parser.go:145.21,146.27 1 1
github.com/shapestone/shape/internal/parser/jsonv/parser.go:147.23,148.23 1 1
github.com/shapestone/shape/internal/parser/jsonv/parser.go:149.10,154.4 1 1
github.com/shapestone/shape/internal/parser/jsonv/parser.go:159.56,163.54 2 1
github.com/shapestone/shape/internal/parser/jsonv/parser.go:163.54,165.3 1 0
github.com/shapestone/shape/internal/parser/jsonv/parser.go:167.2,170.54 2 1
github.com/shapestone/shape/internal/parser/jsonv/parser.go:170.54,173.3 2 1
github.com/shapestone/shape/internal/parser/jsonv/parser.go:176.2,176.6 1 1
github.com/shapestone/shape/internal/parser/jsonv/parser.go:176.6,179.17 2 1
github.com/shapestone/shape/internal/parser/jsonv/parser.go:179.17,181.4 1 1
github.com/shapestone/shape/internal/parser/jsonv/parser.go:184.3,187.49 2 1
github.com/shapestone/shape/internal/parser/jsonv/parser.go:187.49,189.4 1 1
github.com/shapestone/shape/internal/parser/jsonv/parser.go:192.3,193.17 2 1
github.com/shapestone/shape/internal/parser/jsonv/parser.go:193.17,195.4 1 1
github.com/shapestone/shape/internal/parser/jsonv/parser.go:197.3,200.18 2 1
github.com/shapestone/shape/internal/parser/jsonv/parser.go:200.18,202.4 1 1
github.com/shapestone/shape/internal/parser/jsonv/parser.go:204.3,204.41 1 1
github.com/shapestone/shape/internal/parser/jsonv/parser.go:204.41,206.9 2 1
github.com/shapestone/shape/internal/parser/jsonv/parser.go:209.3,209.37 1 1
github.com/shapestone/shape/internal/parser/jsonv/parser.go:209.37,212.12 2 1
github.com/shapestone/shape/internal/parser/jsonv/parser.go:215.3,219.4 1 0
github.com/shapestone/shape/internal/parser/jsonv/parser.go:222.2,222.48 1 1
github.com/shapestone/shape/internal/parser/jsonv/parser.go:226.55,230.53 2 1
github.com/shapestone/shape/internal/parser/jsonv/parser.go:230.53,232.3 1 0
github.com/shapestone/shape/internal/parser/jsonv/parser.go:235.2,236.16 2 1
github.com/shapestone/shape/internal/parser/jsonv/parser.go:236.16,238.3 1 0
github.com/shapestone/shape/internal/parser/jsonv/parser.go:241.2,241.51 1 1
github.com/shapestone/shape/internal/parser/jsonv/parser.go:241.51,243.3 1 1
github.com/shapestone/shape/internal/parser/jsonv/parser.go:245.2,245.50 1 1
github.com/shapestone/shape/internal/parser/jsonv/parser.go:249.63,252.16 3 1
github.com/shapestone/shape/internal/parser/jsonv/parser.go:252.16,254.3 1 0
github.com/shapestone/shape/internal/parser/jsonv/parser.go:257.2,258.44 2 1
github.com/shapestone/shape/internal/parser/jsonv/parser.go:262.63,265.16 3 1
github.com/shapestone/shape/internal/parser/jsonv/parser.go:265.16,267.3 1 0
github.com/shapestone/shape/internal/parser/jsonv/parser.go:270.2,271.66 2 1
github.com/shapestone/shape/internal/parser/jsonv/parser.go:271.66,274.17 2 1
github.com/shapestone/shape/internal/parser/jsonv/parser.go:274.17,276.4 1 0
github.com/shapestone/shape/internal/parser/jsonv/parser.go:277.3,277.45 1 1
github.com/shapestone/shape/internal/parser/jsonv/parser.go:278.8,281.17 2 1
github.com/shapestone/shape/internal/parser/jsonv/parser.go:281.17,283.4 1 0
github.com/shapestone/shape/internal/parser/jsonv/parser.go:284.3,284.45 1 1
github.com/shapestone/shape/internal/parser/jsonv/parser.go:289.61,292.35 2 1
github.com/shapestone/shape/internal/parser/jsonv/parser.go:292.35,295.3 2 1
github.com/shapestone/shape/internal/parser/jsonv/parser.go:295.8,295.43 1 1
github.com/shapestone/shape/internal/parser/jsonv/parser.go:295.43,298.3 2 1
github.com/shapestone/shape/internal/parser/jsonv/parser.go:300.2,300.84 1 0
github.com/shapestone/shape/internal/parser/jsonv/parser.go:304.61,307.16 3 1
github.com/shapestone/shape/internal/parser/jsonv/parser.go:307.16,309.3 1 0
github.com/shapestone/shape/internal/parser/jsonv/parser.go:310.2,310.42 1 1
github.com/shapestone/shape/internal/parser/jsonv/parser.go:314.58,317.16 3 1
github.com/shapestone/shape/internal/parser/jsonv/parser.go:317.16,319.3 1 0
github.com/shapestone/shape/internal/parser/jsonv/parser.go:322.2,326.21 3 1
github.com/shapestone/shape/internal/parser/jsonv/parser.go:326.21,328.3 1 0
github.com/shapestone/shape/internal/parser/jsonv/parser.go:331.2,338.16 4 1
github.com/shapestone/shape/internal/parser/jsonv/parser.go:338.16,340.3 1 1
github.com/shapestone/shape/internal/parser/jsonv/parser.go:342.2,342.50 1 1
github.com/shapestone/shape/internal/parser/jsonv/parser.go:346.90,347.38 1 1
github.com/shapestone/shape/internal/parser/jsonv/parser.go:347.38,349.3 1 1
github.com/shapestone/shape/internal/parser/jsonv/parser.go:352.2,355.29 3 1
github.com/shapestone/shape/internal/parser/jsonv/parser.go:355.29,359.52 2 1
github.com/shapestone/shape/internal/parser/jsonv/parser.go:359.52,361.65 2 1
github.com/shapestone/shape/internal/parser/jsonv/parser.go:361.65,364.13 3 1
github.com/shapestone/shape/internal/parser/jsonv/parser.go:369.3,369.18 1 1
github.com/shapestone/shape/internal/parser/jsonv/parser.go:369.18,371.12 2 0
github.com/shapestone/shape/internal/parser/jsonv/parser.go:375.3,375.67 1 1
github.com/shapestone/shape/internal/parser/jsonv/parser.go:375.67,378.12 3 1
github.com/shapestone/shape/internal/parser/jsonv/parser.go:382.3,382.61 1 1
github.com/shapestone/shape/internal/parser/jsonv/parser.go:382.61,384.12 2 1
github.com/shapestone/shape/internal/parser/jsonv/parser.go:387.3,387.59 1 1
github.com/shapestone/shape/internal/parser/jsonv/parser.go:387.59,389.12 2 0
github.com/shapestone/shape/internal/parser/jsonv/parser.go:393.3,393.21 1 1
github.com/shapestone/shape/internal/parser/jsonv/parser.go:393.21,395.12 2 0
github.com/shapestone/shape/internal/parser/jsonv/parser.go:397.3,397.22 1 1
github.com/shapestone/shape/internal/parser/jsonv/parser.go:397.22,399.12 2 0
github.com/shapestone/shape/internal/parser/jsonv/parser.go:403.3,403.21 1 1
github.com/shapestone/shape/internal/parser/jsonv/parser.go:403.21,405.12 2 0
github.com/shapestone/shape/internal/parser/jsonv/parser.go:408.3,408.93 1 1
github.com/shapestone/shape/internal/parser/jsonv/parser.go:411.2,411.18 1 1
github.com/shapestone/shape/internal/parser/jsonv/parser.go:415.52,421.22 5 1
github.com/shapestone/shape/internal/parser/jsonv/parser.go:421.22,422.14 1 1
github.com/shapestone/shape/internal/parser/jsonv/parser.go:422.14,425.12 3 0
github.com/shapestone/shape/internal/parser/jsonv/parser.go:428.3,428.16 1 1
github.com/shapestone/shape/internal/parser/jsonv/parser.go:428.16,431.12 3 0
github.com/shapestone/shape/internal/parser/jsonv/parser.go:434.3,434.15 1 1
github.com/shapestone/shape/internal/parser/jsonv/parser.go:434.15,437.12 3 1
github.com/shapestone/shape/internal/parser/jsonv/parser.go:440.3,440.28 1 1
github.com/shapestone/shape/internal/parser/jsonv/parser.go:440.28,443.12 3 1
github.com/shapestone/shape/internal/parser/jsonv/parser.go:446.3,446.23 1 1
github.com/shapestone/shape/internal/parser/jsonv/parser.go:449.2,449.23 1 1
github.com/shapestone/shape/internal/parser/jsonv/parser.go:449.23,451.3 1 1
github.com/shapestone/shape/internal/parser/jsonv/parser.go:453.2,453.14 1 1
github.com/shapestone/shape/internal/parser/jsonv/parser.go:457.54,460.16 3 1
github.com/shapestone/shape/internal/parser/jsonv/parser.go:460.16,462.3 1 0
github.com/shapestone/shape/internal/parser/jsonv/parser.go:464.2,464.55 1 1
github.com/shapestone/shape/internal/parser/jsonv/parser.go:468.49,469.16 1 1
github.com/shapestone/shape/internal/parser/jsonv/parser.go:469.16,471.3 1 0
github.com/shapestone/shape/internal/parser/jsonv/parser.go:474.2,483.10 7 1
github.com/shapestone/shape/internal/parser/jsonv/tokenizer.go:29.66,32.36 2 1
github.com/shapestone/shape/internal/parser/jsonv/tokenizer.go:32.36,34.3 1 1
github.com/shapestone/shape/internal/parser/jsonv/tokenizer.go:36.2,39.6 2 1
github.com/shapestone/shape/internal/parser/jsonv/tokenizer.go:39.6,41.10 2 1
github.com/shapestone/shape/internal/parser/jsonv/tokenizer.go:41.10,42.9 1 1
github.com/shapestone/shape/internal/parser/jsonv/tokenizer.go:45.3,45.60 1 1
github.com/shapestone/shape/internal/parser/jsonv/tokenizer.go:45.60,47.4 1 1
github.com/shapestone/shape/internal/parser/jsonv/tokenizer.go:47.9,48.9 1 1
github.com/shapestone/shape/internal/parser/jsonv/tokenizer.go:52.2,52.51 1 1
github.com/shapestone/shape/internal/parser/jsonv/tokenizer.go:57.64,60.36 2 1
github.com/shapestone/shape/internal/parser/jsonv/tokenizer.go:60.36,62.3 1 1
github.com/shapestone/shape/internal/parser/jsonv/tokenizer.go:64.2,68.6 3 1
github.com/shapestone/shape/internal/parser/jsonv/tokenizer.go:68.6,70.10 2 1
github.com/shapestone/shape/internal/parser/jsonv/tokenizer.go:70.10,72.4 1 1
github.com/shapestone/shape/internal/parser/jsonv/tokenizer.go:74.3,74.15 1 1
github.com/shapestone/shape/internal/parser/jsonv/tokenizer.go:74.15,77.9 3 1
github.com/shapestone/shape/internal/parser/jsonv/tokenizer.go:78.9,78.67 1 1
github.com/shapestone/shape/internal/parser/jsonv/tokenizer.go:78.67,80.4 1 1
github.com/shapestone/shape/internal/parser/jsonv/tokenizer.go:80.9,82.4 1 1
github.com/shapestone/shape/internal/parser/jsonv/tokenizer.go:85.2,85.17 1 1
github.com/shapestone/shape/internal/parser/jsonv/tokenizer.go:85.17,87.3 1 0
github.com/shapestone/shape/internal/parser/jsonv/tokenizer.go:90.2,91.6 2 1
github.com/shapestone/shape/internal/parser/jsonv/tokenizer.go:91.6,93.10 2 1
github.com/shapestone/shape/internal/parser/jsonv/tokenizer.go:93.10,95.4 1 1
github.com/shapestone/shape/internal/parser/jsonv/tokenizer.go:97.3,99.15 2 1
github.com/shapestone/shape/internal/parser/jsonv/tokenizer.go:99.15,101.4 1 1
github.com/shapestone/shape/internal/parser/jsonv/tokenizer.go:101.9,101.22 1 1
github.com/shapestone/shape/internal/parser/jsonv/tokenizer.go:101.22,103.23 2 1
github.com/shapestone/shape/internal/parser/jsonv/tokenizer.go:103.23,104.10 1 1
github.com/shapestone/shape/internal/parser/jsonv/tokenizer.go:109.2,109.49 1 1
github.com/shapestone/shape/internal/parser/jsonv/tokenizer.go:113.62,116.25 2 1
github.com/shapestone/shape/internal/parser/jsonv/tokenizer.go:116.25,118.3 1 1
github.com/shapestone/shape/internal/parser/jsonv/tokenizer.go:120.2,123.6 3 1
github.com/shapestone/shape/internal/parser/jsonv/tokenizer.go:123.6,125.10 2 1
github.com/shapestone/shape/internal/parser/jsonv/tokenizer.go:125.10,128.4 1 1
github.com/shapestone/shape/internal/parser/jsonv/tokenizer.go:130.3,132.14 2 1
github.com/shapestone/shape/internal/parser/jsonv/tokenizer.go:132.14,134.12 2 1
github.com/shapestone/shape/internal/parser/jsonv/tokenizer.go:137.3,137.16 1 1
github.com/shapestone/shape/internal/parser/jsonv/tokenizer.go:137.16,139.12 2 1
github.com/shapestone/shape/internal/parser/jsonv/tokenizer.go:142.3,142.15 1 1
github.com/shapestone/shape/internal/parser/jsonv/tokenizer.go:142.15,144.9 1 1
github.com/shapestone/shape/internal/parser/jsonv/tokenizer.go:148.2,148.47 1 1
github.com/shapestone/shape/internal/parser/jsonv/tokenizer.go:152.62,157.9 3 1
github.com/shapestone/shape/internal/parser/jsonv/tokenizer.go:157.9,159.3 1 0
github.com/shapestone/shape/internal/parser/jsonv/tokenizer.go:161.2,161.14 1 1
github.com/shapestone/shape/internal/parser/jsonv/tokenizer.go:161.14,164.10 3 1
github.com/shapestone/shape/internal/parser/jsonv/tokenizer.go:164.10,166.4 1 1
github.com/shapestone/shape/internal/parser/jsonv/tokenizer.go:170.2,170.25 1 1
github.com/shapestone/shape/internal/parser/jsonv/tokenizer.go:170.25,172.3 1 1
github.com/shapestone/shape/internal/parser/jsonv/tokenizer.go:175.2,175.14 1 1
github.com/shapestone/shape/internal/parser/jsonv/tokenizer.go:175.14,177.3 1 1
github.com/shapestone/shape/internal/parser/jsonv/tokenizer.go:177.8,179.7 2 1
github.com/shapestone/shape/internal/parser/jsonv/tokenizer.go:179.7,181.11 2 1
github.com/shapestone/shape/internal/parser/jsonv/tokenizer.go:181.11,182.10 1 1
github.com/shapestone/shape/internal/parser/jsonv/tokenizer.go:184.4,184.26 1 1
github.com/shapestone/shape/internal/parser/jsonv/tokenizer.go:184.26,186.5 1 1
github.com/shapestone/shape/internal/parser/jsonv/tokenizer.go:186.10,187.10 1 1
github.com/shapestone/shape/internal/parser/jsonv/tokenizer.go:193.2,193.20 1 1
github.com/shapestone/shape/internal/parser/jsonv/tokenizer.go:193.20,196.7 3 1
github.com/shapestone/shape/internal/parser/jsonv/tokenizer.go:196.7,198.11 2 1
github.com/shapestone/shape/internal/parser/jsonv/tokenizer.go:198.11,199.10 1 1
github.com/shapestone/shape/internal/parser/jsonv/tokenizer.go:201.4,201.26 1 1
github.com/shapestone/shape/internal/parser/jsonv/tokenizer.go:201.26,204.5 2 1
github.com/shapestone/shape/internal/parser/jsonv/tokenizer.go:204.10,205.10 1 1
github.com/shapestone/shape/internal/parser/jsonv/tokenizer.go:208.3,208.18 1 1
github.com/shapestone/shape/internal/parser/jsonv/tokenizer.go:208.18,210.4 1 0
github.com/shapestone/shape/internal/parser/jsonv/tokenizer.go:214.2,214.34 1 1
github.com/shapestone/shape/internal/parser/jsonv/tokenizer.go:214.34,217.10 3 1
github.com/shapestone/shape/internal/parser/jsonv/tokenizer.go:217.10,219.4 1 0
github.com/shapestone/shape/internal/parser/jsonv/tokenizer.go:222.3,222.27 1 1
github.com/shapestone/shape/internal/parser/jsonv/tokenizer.go:222.27,225.11 3 1
github.com/shapestone/shape/internal/parser/jsonv/tokenizer.go:225.11,227.5 1 0
github.com/shapestone/shape/internal/parser/jsonv/tokenizer.go:231.3,231.26 1 1
github.com/shapestone/shape/internal/parser/jsonv/tokenizer.go:231.26,233.4 1 0
github.com/shapestone/shape/internal/parser/jsonv/tokenizer.go:235.3,236.7 2 1
github.com/shapestone/shape/internal/parser/jsonv/tokenizer.go:236.7,238.11 2 1
github.com/shapestone/shape/internal/parser/jsonv/tokenizer.go:238.11,239.10 1 1
github.com/shapestone/shape/internal/parser/jsonv/tokenizer.go:241.4,241.26 1 1
github.com/shapestone/shape/internal/parser/jsonv/tokenizer.go:241.26,243.5 1 1
github.com/shapestone/shape/internal/parser/jsonv/tokenizer.go:243.10,244.10 1 0
github.com/shapestone/shape/internal/parser/jsonv/tokenizer.go:249.2,249.47 1 1
github.com/shapestone/shape/internal/parser/jsonv/tokenizer.go:253.40,283.2 1 1
github.com/shapestone/shape/pkg/shape/shape.go:22.72,24.16 2 1
github.com/shapestone/shape/pkg/shape/shape.go:24.16,26.3 1 1
github.com/shapestone/shape/pkg/shape/shape.go:27.2,27.23 1 1
github.com/shapestone/shape/pkg/shape/shape.go:31.61,32.16 1 1
github.com/shapestone/shape/pkg/shape/shape.go:33.26,34.32 1 1
github.com/shapestone/shape/pkg/shape/shape.go:35.10,36.59 1 1
github.com/shapestone/shape/pkg/shape/shape.go:50.69,52.16 2 1
github.com/shapestone/shape/pkg/shape/shape.go:52.16,54.3 1 1
github.com/shapestone/shape/pkg/shape/shape.go:56.2,57.16 2 1
github.com/shapestone/shape/pkg/shape/shape.go:57.16,59.3 1 0
github.com/shapestone/shape/pkg/shape/shape.go:61.2,61.26 1 1
github.com/shapestone/shape/pkg/shape/shape.go:70.67,72.16 2 1
github.com/shapestone/shape/pkg/shape/shape.go:72.16,73.13 1 1
github.com/shapestone/shape/pkg/shape/shape.go:75.2,75.13 1 1
github.com/shapestone/shape/examples/basic/main.go:11.13,22.16 4 0
github.com/shapestone/shape/examples/basic/main.go:22.16,24.3 1 0
github.com/shapestone/shape/examples/basic/main.go:26.2,42.16 6 0
github.com/shapestone/shape/examples/basic/main.go:42.16,44.3 1 0
github.com/shapestone/shape/examples/basic/main.go:46.2,55.16 7 0
github.com/shapestone/shape/examples/basic/main.go:55.16,57.3 1 0
github.com/shapestone/shape/examples/basic/main.go:59.2,67.64 6 0
